This is pdfTeX, Version 3.141592653-2.6-1.40.25 (TeX Live 2023) (preloaded format=pdflatex 2024.1.31)  21 APR 2024 19:01
entering extended mode
 restricted \write18 enabled.
 %&-line parsing enabled.
**dataMaid_bgd_data.tex
(./dataMaid_bgd_data.tex
LaTeX2e <2023-11-01> patch level 1
L3 programming layer <2024-01-22>
(/Users/sofiaingersoll/Library/TinyTeX/texmf-dist/tex/latex/base/report.cls
Document Class: report 2023/05/17 v1.4n Standard LaTeX document class
(/Users/sofiaingersoll/Library/TinyTeX/texmf-dist/tex/latex/base/size10.clo
File: size10.clo 2023/05/17 v1.4n Standard LaTeX file (size option)
)
\c@part=\count187
\c@chapter=\count188
\c@section=\count189
\c@subsection=\count190
\c@subsubsection=\count191
\c@paragraph=\count192
\c@subparagraph=\count193
\c@figure=\count194
\c@table=\count195
\abovecaptionskip=\skip48
\belowcaptionskip=\skip49
\bibindent=\dimen140
) (/Users/sofiaingersoll/Library/TinyTeX/texmf-dist/tex/latex/amsmath/amsmath.sty
Package: amsmath 2023/05/13 v2.17o AMS math features
\@mathmargin=\skip50
For additional information on amsmath, use the `?' option.
(/Users/sofiaingersoll/Library/TinyTeX/texmf-dist/tex/latex/amsmath/amstext.sty
Package: amstext 2021/08/26 v2.01 AMS text
(/Users/sofiaingersoll/Library/TinyTeX/texmf-dist/tex/latex/amsmath/amsgen.sty
File: amsgen.sty 1999/11/30 v2.0 generic functions
\@emptytoks=\toks17
\ex@=\dimen141
)) (/Users/sofiaingersoll/Library/TinyTeX/texmf-dist/tex/latex/amsmath/amsbsy.sty
Package: amsbsy 1999/11/29 v1.2d Bold Symbols
\pmbraise@=\dimen142
) (/Users/sofiaingersoll/Library/TinyTeX/texmf-dist/tex/latex/amsmath/amsopn.sty
Package: amsopn 2022/04/08 v2.04 operator names
)
\inf@bad=\count196
LaTeX Info: Redefining \frac on input line 234.
\uproot@=\count197
\leftroot@=\count198
LaTeX Info: Redefining \overline on input line 399.
LaTeX Info: Redefining \colon on input line 410.
\classnum@=\count199
\DOTSCASE@=\count266
LaTeX Info: Redefining \ldots on input line 496.
LaTeX Info: Redefining \dots on input line 499.
LaTeX Info: Redefining \cdots on input line 620.
\Mathstrutbox@=\box51
\strutbox@=\box52
LaTeX Info: Redefining \big on input line 722.
LaTeX Info: Redefining \Big on input line 723.
LaTeX Info: Redefining \bigg on input line 724.
LaTeX Info: Redefining \Bigg on input line 725.
\big@size=\dimen143
LaTeX Font Info:    Redeclaring font encoding OML on input line 743.
LaTeX Font Info:    Redeclaring font encoding OMS on input line 744.
\macc@depth=\count267
LaTeX Info: Redefining \bmod on input line 905.
LaTeX Info: Redefining \pmod on input line 910.
LaTeX Info: Redefining \smash on input line 940.
LaTeX Info: Redefining \relbar on input line 970.
LaTeX Info: Redefining \Relbar on input line 971.
\c@MaxMatrixCols=\count268
\dotsspace@=\muskip16
\c@parentequation=\count269
\dspbrk@lvl=\count270
\tag@help=\toks18
\row@=\count271
\column@=\count272
\maxfields@=\count273
\andhelp@=\toks19
\eqnshift@=\dimen144
\alignsep@=\dimen145
\tagshift@=\dimen146
\tagwidth@=\dimen147
\totwidth@=\dimen148
\lineht@=\dimen149
\@envbody=\toks20
\multlinegap=\skip51
\multlinetaggap=\skip52
\mathdisplay@stack=\toks21
LaTeX Info: Redefining \[ on input line 2953.
LaTeX Info: Redefining \] on input line 2954.
) (/Users/sofiaingersoll/Library/TinyTeX/texmf-dist/tex/latex/amsfonts/amssymb.sty
Package: amssymb 2013/01/14 v3.01 AMS font symbols
(/Users/sofiaingersoll/Library/TinyTeX/texmf-dist/tex/latex/amsfonts/amsfonts.sty
Package: amsfonts 2013/01/14 v3.01 Basic AMSFonts support
\symAMSa=\mathgroup4
\symAMSb=\mathgroup5
LaTeX Font Info:    Redeclaring math symbol \hbar on input line 98.
LaTeX Font Info:    Overwriting math alphabet `\mathfrak' in version `bold'
(Font)                  U/euf/m/n --> U/euf/b/n on input line 106.
)) (/Users/sofiaingersoll/Library/TinyTeX/texmf-dist/tex/generic/iftex/iftex.sty
Package: iftex 2022/02/03 v1.0f TeX engine tests
) (/Users/sofiaingersoll/Library/TinyTeX/texmf-dist/tex/latex/base/fontenc.sty
Package: fontenc 2021/04/29 v2.0v Standard LaTeX package
) (/Users/sofiaingersoll/Library/TinyTeX/texmf-dist/tex/latex/base/inputenc.sty
Package: inputenc 2021/02/14 v1.3d Input encoding file
\inpenc@prehook=\toks22
\inpenc@posthook=\toks23
) (/Users/sofiaingersoll/Library/TinyTeX/texmf-dist/tex/latex/base/textcomp.sty
Package: textcomp 2020/02/02 v2.0n Standard LaTeX package
) (/Users/sofiaingersoll/Library/TinyTeX/texmf-dist/tex/latex/lm/lmodern.sty
Package: lmodern 2015/05/01 v1.6.1 Latin Modern Fonts
LaTeX Font Info:    Overwriting symbol font `operators' in version `normal'
(Font)                  OT1/cmr/m/n --> OT1/lmr/m/n on input line 22.
LaTeX Font Info:    Overwriting symbol font `letters' in version `normal'
(Font)                  OML/cmm/m/it --> OML/lmm/m/it on input line 23.
LaTeX Font Info:    Overwriting symbol font `symbols' in version `normal'
(Font)                  OMS/cmsy/m/n --> OMS/lmsy/m/n on input line 24.
LaTeX Font Info:    Overwriting symbol font `largesymbols' in version `normal'
(Font)                  OMX/cmex/m/n --> OMX/lmex/m/n on input line 25.
LaTeX Font Info:    Overwriting symbol font `operators' in version `bold'
(Font)                  OT1/cmr/bx/n --> OT1/lmr/bx/n on input line 26.
LaTeX Font Info:    Overwriting symbol font `letters' in version `bold'
(Font)                  OML/cmm/b/it --> OML/lmm/b/it on input line 27.
LaTeX Font Info:    Overwriting symbol font `symbols' in version `bold'
(Font)                  OMS/cmsy/b/n --> OMS/lmsy/b/n on input line 28.
LaTeX Font Info:    Overwriting symbol font `largesymbols' in version `bold'
(Font)                  OMX/cmex/m/n --> OMX/lmex/m/n on input line 29.
LaTeX Font Info:    Overwriting math alphabet `\mathbf' in version `normal'
(Font)                  OT1/cmr/bx/n --> OT1/lmr/bx/n on input line 31.
LaTeX Font Info:    Overwriting math alphabet `\mathsf' in version `normal'
(Font)                  OT1/cmss/m/n --> OT1/lmss/m/n on input line 32.
LaTeX Font Info:    Overwriting math alphabet `\mathit' in version `normal'
(Font)                  OT1/cmr/m/it --> OT1/lmr/m/it on input line 33.
LaTeX Font Info:    Overwriting math alphabet `\mathtt' in version `normal'
(Font)                  OT1/cmtt/m/n --> OT1/lmtt/m/n on input line 34.
LaTeX Font Info:    Overwriting math alphabet `\mathbf' in version `bold'
(Font)                  OT1/cmr/bx/n --> OT1/lmr/bx/n on input line 35.
LaTeX Font Info:    Overwriting math alphabet `\mathsf' in version `bold'
(Font)                  OT1/cmss/bx/n --> OT1/lmss/bx/n on input line 36.
LaTeX Font Info:    Overwriting math alphabet `\mathit' in version `bold'
(Font)                  OT1/cmr/bx/it --> OT1/lmr/bx/it on input line 37.
LaTeX Font Info:    Overwriting math alphabet `\mathtt' in version `bold'
(Font)                  OT1/cmtt/m/n --> OT1/lmtt/m/n on input line 38.
) (/Users/sofiaingersoll/Library/TinyTeX/texmf-dist/tex/latex/xcolor/xcolor.sty
Package: xcolor 2023/11/15 v3.01 LaTeX color extensions (UK)
(/Users/sofiaingersoll/Library/TinyTeX/texmf-dist/tex/latex/graphics-cfg/color.cfg
File: color.cfg 2016/01/02 v1.6 sample color configuration
)
Package xcolor Info: Driver file: pdftex.def on input line 274.
(/Users/sofiaingersoll/Library/TinyTeX/texmf-dist/tex/latex/graphics-def/pdftex.def
File: pdftex.def 2022/09/22 v1.2b Graphics/color driver for pdftex
) (/Users/sofiaingersoll/Library/TinyTeX/texmf-dist/tex/latex/graphics/mathcolor.ltx)
Package xcolor Info: Model `cmy' substituted by `cmy0' on input line 1350.
Package xcolor Info: Model `hsb' substituted by `rgb' on input line 1354.
Package xcolor Info: Model `RGB' extended on input line 1366.
Package xcolor Info: Model `HTML' substituted by `rgb' on input line 1368.
Package xcolor Info: Model `Hsb' substituted by `hsb' on input line 1369.
Package xcolor Info: Model `tHsb' substituted by `hsb' on input line 1370.
Package xcolor Info: Model `HSB' substituted by `hsb' on input line 1371.
Package xcolor Info: Model `Gray' substituted by `gray' on input line 1372.
Package xcolor Info: Model `wave' substituted by `hsb' on input line 1373.
) (/Users/sofiaingersoll/Library/TinyTeX/texmf-dist/tex/latex/geometry/geometry.sty
Package: geometry 2020/01/02 v5.9 Page Geometry
(/Users/sofiaingersoll/Library/TinyTeX/texmf-dist/tex/latex/graphics/keyval.sty
Package: keyval 2022/05/29 v1.15 key=value parser (DPC)
\KV@toks@=\toks24
) (/Users/sofiaingersoll/Library/TinyTeX/texmf-dist/tex/generic/iftex/ifvtex.sty
Package: ifvtex 2019/10/25 v1.7 ifvtex legacy package. Use iftex instead.
)
\Gm@cnth=\count274
\Gm@cntv=\count275
\c@Gm@tempcnt=\count276
\Gm@bindingoffset=\dimen150
\Gm@wd@mp=\dimen151
\Gm@odd@mp=\dimen152
\Gm@even@mp=\dimen153
\Gm@layoutwidth=\dimen154
\Gm@layoutheight=\dimen155
\Gm@layouthoffset=\dimen156
\Gm@layoutvoffset=\dimen157
\Gm@dimlist=\toks25
) (/Users/sofiaingersoll/Library/TinyTeX/texmf-dist/tex/latex/tools/longtable.sty
Package: longtable 2023-11-01 v4.19 Multi-page Table package (DPC)
\LTleft=\skip53
\LTright=\skip54
\LTpre=\skip55
\LTpost=\skip56
\LTchunksize=\count277
\LTcapwidth=\dimen158
\LT@head=\box53
\LT@firsthead=\box54
\LT@foot=\box55
\LT@lastfoot=\box56
\LT@gbox=\box57
\LT@cols=\count278
\LT@rows=\count279
\c@LT@tables=\count280
\c@LT@chunks=\count281
\LT@p@ftn=\toks26
) (/Users/sofiaingersoll/Library/TinyTeX/texmf-dist/tex/latex/booktabs/booktabs.sty
Package: booktabs 2020/01/12 v1.61803398 Publication quality tables
\heavyrulewidth=\dimen159
\lightrulewidth=\dimen160
\cmidrulewidth=\dimen161
\belowrulesep=\dimen162
\belowbottomsep=\dimen163
\aboverulesep=\dimen164
\abovetopsep=\dimen165
\cmidrulesep=\dimen166
\cmidrulekern=\dimen167
\defaultaddspace=\dimen168
\@cmidla=\count282
\@cmidlb=\count283
\@aboverulesep=\dimen169
\@belowrulesep=\dimen170
\@thisruleclass=\count284
\@lastruleclass=\count285
\@thisrulewidth=\dimen171
) (/Users/sofiaingersoll/Library/TinyTeX/texmf-dist/tex/latex/tools/array.sty
Package: array 2023/10/16 v2.5g Tabular extension package (FMi)
\col@sep=\dimen172
\ar@mcellbox=\box58
\extrarowheight=\dimen173
\NC@list=\toks27
\extratabsurround=\skip57
\backup@length=\skip58
\ar@cellbox=\box59
) (/Users/sofiaingersoll/Library/TinyTeX/texmf-dist/tex/latex/tools/calc.sty
Package: calc 2023/07/08 v4.3 Infix arithmetic (KKT,FJ)
\calc@Acount=\count286
\calc@Bcount=\count287
\calc@Adimen=\dimen174
\calc@Bdimen=\dimen175
\calc@Askip=\skip59
\calc@Bskip=\skip60
LaTeX Info: Redefining \setlength on input line 80.
LaTeX Info: Redefining \addtolength on input line 81.
\calc@Ccount=\count288
\calc@Cskip=\skip61
) (/Users/sofiaingersoll/Library/TinyTeX/texmf-dist/tex/latex/etoolbox/etoolbox.sty
Package: etoolbox 2020/10/05 v2.5k e-TeX tools for LaTeX (JAW)
\etb@tempcnta=\count289
) (/Users/sofiaingersoll/Library/TinyTeX/texmf-dist/tex/latex/mdwtools/footnote.sty
Package: footnote 1997/01/28 1.13 Save footnotes around boxes
\fn@notes=\box60
\fn@width=\dimen176
) (/Users/sofiaingersoll/Library/TinyTeX/texmf-dist/tex/latex/graphics/graphicx.sty
Package: graphicx 2021/09/16 v1.2d Enhanced LaTeX Graphics (DPC,SPQR)
(/Users/sofiaingersoll/Library/TinyTeX/texmf-dist/tex/latex/graphics/graphics.sty
Package: graphics 2022/03/10 v1.4e Standard LaTeX Graphics (DPC,SPQR)
(/Users/sofiaingersoll/Library/TinyTeX/texmf-dist/tex/latex/graphics/trig.sty
Package: trig 2021/08/11 v1.11 sin cos tan (DPC)
) (/Users/sofiaingersoll/Library/TinyTeX/texmf-dist/tex/latex/graphics-cfg/graphics.cfg
File: graphics.cfg 2016/06/04 v1.11 sample graphics configuration
)
Package graphics Info: Driver file: pdftex.def on input line 107.
)
\Gin@req@height=\dimen177
\Gin@req@width=\dimen178
) (/Users/sofiaingersoll/Library/TinyTeX/texmf-dist/tex/latex/hyperref/hyperref.sty
Package: hyperref 2024-01-20 v7.01h Hypertext links for LaTeX
(/Users/sofiaingersoll/Library/TinyTeX/texmf-dist/tex/latex/kvsetkeys/kvsetkeys.sty
Package: kvsetkeys 2022-10-05 v1.19 Key value parser (HO)
) (/Users/sofiaingersoll/Library/TinyTeX/texmf-dist/tex/generic/kvdefinekeys/kvdefinekeys.sty
Package: kvdefinekeys 2019-12-19 v1.6 Define keys (HO)
) (/Users/sofiaingersoll/Library/TinyTeX/texmf-dist/tex/generic/pdfescape/pdfescape.sty
Package: pdfescape 2019/12/09 v1.15 Implements pdfTeX's escape features (HO)
(/Users/sofiaingersoll/Library/TinyTeX/texmf-dist/tex/generic/ltxcmds/ltxcmds.sty
Package: ltxcmds 2023-12-04 v1.26 LaTeX kernel commands for general use (HO)
) (/Users/sofiaingersoll/Library/TinyTeX/texmf-dist/tex/generic/pdftexcmds/pdftexcmds.sty
Package: pdftexcmds 2020-06-27 v0.33 Utility functions of pdfTeX for LuaTeX (HO)
(/Users/sofiaingersoll/Library/TinyTeX/texmf-dist/tex/generic/infwarerr/infwarerr.sty
Package: infwarerr 2019/12/03 v1.5 Providing info/warning/error messages (HO)
)
Package pdftexcmds Info: \pdf@primitive is available.
Package pdftexcmds Info: \pdf@ifprimitive is available.
Package pdftexcmds Info: \pdfdraftmode found.
)) (/Users/sofiaingersoll/Library/TinyTeX/texmf-dist/tex/latex/hycolor/hycolor.sty
Package: hycolor 2020-01-27 v1.10 Color options for hyperref/bookmark (HO)
) (/Users/sofiaingersoll/Library/TinyTeX/texmf-dist/tex/latex/auxhook/auxhook.sty
Package: auxhook 2019-12-17 v1.6 Hooks for auxiliary files (HO)
) (/Users/sofiaingersoll/Library/TinyTeX/texmf-dist/tex/latex/hyperref/nameref.sty
Package: nameref 2023-11-26 v2.56 Cross-referencing by name of section
(/Users/sofiaingersoll/Library/TinyTeX/texmf-dist/tex/latex/refcount/refcount.sty
Package: refcount 2019/12/15 v3.6 Data extraction from label references (HO)
) (/Users/sofiaingersoll/Library/TinyTeX/texmf-dist/tex/generic/gettitlestring/gettitlestring.sty
Package: gettitlestring 2019/12/15 v1.6 Cleanup title references (HO)
(/Users/sofiaingersoll/Library/TinyTeX/texmf-dist/tex/latex/kvoptions/kvoptions.sty
Package: kvoptions 2022-06-15 v3.15 Key value format for package options (HO)
))
\c@section@level=\count290
)
\@linkdim=\dimen179
\Hy@linkcounter=\count291
\Hy@pagecounter=\count292
(/Users/sofiaingersoll/Library/TinyTeX/texmf-dist/tex/latex/hyperref/pd1enc.def
File: pd1enc.def 2024-01-20 v7.01h Hyperref: PDFDocEncoding definition (HO)
Now handling font encoding PD1 ...
... no UTF-8 mapping file for font encoding PD1
) (/Users/sofiaingersoll/Library/TinyTeX/texmf-dist/tex/generic/intcalc/intcalc.sty
Package: intcalc 2019/12/15 v1.3 Expandable calculations with integers (HO)
)
\Hy@SavedSpaceFactor=\count293
(/Users/sofiaingersoll/Library/TinyTeX/texmf-dist/tex/latex/hyperref/puenc.def
File: puenc.def 2024-01-20 v7.01h Hyperref: PDF Unicode definition (HO)
Now handling font encoding PU ...
... no UTF-8 mapping file for font encoding PU
)
Package hyperref Info: Option `unicode' set `true' on input line 4062.
Package hyperref Info: Hyper figures OFF on input line 4179.
Package hyperref Info: Link nesting OFF on input line 4184.
Package hyperref Info: Hyper index ON on input line 4187.
Package hyperref Info: Plain pages OFF on input line 4194.
Package hyperref Info: Backreferencing OFF on input line 4199.
Package hyperref Info: Implicit mode ON; LaTeX internals redefined.
Package hyperref Info: Bookmarks ON on input line 4446.
\c@Hy@tempcnt=\count294
(/Users/sofiaingersoll/Library/TinyTeX/texmf-dist/tex/latex/url/url.sty
\Urlmuskip=\muskip17
Package: url 2013/09/16  ver 3.4  Verb mode for urls, etc.
)
LaTeX Info: Redefining \url on input line 4784.
\XeTeXLinkMargin=\dimen180
(/Users/sofiaingersoll/Library/TinyTeX/texmf-dist/tex/generic/bitset/bitset.sty
Package: bitset 2019/12/09 v1.3 Handle bit-vector datatype (HO)
(/Users/sofiaingersoll/Library/TinyTeX/texmf-dist/tex/generic/bigintcalc/bigintcalc.sty
Package: bigintcalc 2019/12/15 v1.5 Expandable calculations on big integers (HO)
))
\Fld@menulength=\count295
\Field@Width=\dimen181
\Fld@charsize=\dimen182
Package hyperref Info: Hyper figures OFF on input line 6063.
Package hyperref Info: Link nesting OFF on input line 6068.
Package hyperref Info: Hyper index ON on input line 6071.
Package hyperref Info: backreferencing OFF on input line 6078.
Package hyperref Info: Link coloring OFF on input line 6083.
Package hyperref Info: Link coloring with OCG OFF on input line 6088.
Package hyperref Info: PDF/A mode OFF on input line 6093.
(/Users/sofiaingersoll/Library/TinyTeX/texmf-dist/tex/latex/base/atbegshi-ltx.sty
Package: atbegshi-ltx 2021/01/10 v1.0c Emulation of the original atbegshi
package with kernel methods
)
\Hy@abspage=\count296
\c@Item=\count297
\c@Hfootnote=\count298
)
Package hyperref Info: Driver (autodetected): hpdftex.
(/Users/sofiaingersoll/Library/TinyTeX/texmf-dist/tex/latex/hyperref/hpdftex.def
File: hpdftex.def 2024-01-20 v7.01h Hyperref driver for pdfTeX
(/Users/sofiaingersoll/Library/TinyTeX/texmf-dist/tex/latex/base/atveryend-ltx.sty
Package: atveryend-ltx 2020/08/19 v1.0a Emulation of the original atveryend package
with kernel methods
)
\Fld@listcount=\count299
\c@bookmark@seq@number=\count300
(/Users/sofiaingersoll/Library/TinyTeX/texmf-dist/tex/latex/rerunfilecheck/rerunfilecheck.sty
Package: rerunfilecheck 2022-07-10 v1.10 Rerun checks for auxiliary files (HO)
(/Users/sofiaingersoll/Library/TinyTeX/texmf-dist/tex/generic/uniquecounter/uniquecounter.sty
Package: uniquecounter 2019/12/15 v1.4 Provide unlimited unique counter (HO)
)
Package uniquecounter Info: New unique counter `rerunfilecheck' on input line 285.
)
\Hy@SectionHShift=\skip62
)
LaTeX Font Info:    Trying to load font information for T1+lmr on input line 94.
(/Users/sofiaingersoll/Library/TinyTeX/texmf-dist/tex/latex/lm/t1lmr.fd
File: t1lmr.fd 2015/05/01 v1.6.1 Font defs for Latin Modern
) (/Users/sofiaingersoll/Library/TinyTeX/texmf-dist/tex/latex/l3backend/l3backend-pdftex.def
File: l3backend-pdftex.def 2024-01-04 L3 backend support: PDF output (pdfTeX)
\l__color_backend_stack_int=\count301
\l__pdf_internal_box=\box61
)
No file dataMaid_bgd_data.aux.
\openout1 = `dataMaid_bgd_data.aux'.

LaTeX Font Info:    Checking defaults for OML/cmm/m/it on input line 94.
LaTeX Font Info:    ... okay on input line 94.
LaTeX Font Info:    Checking defaults for OMS/cmsy/m/n on input line 94.
LaTeX Font Info:    ... okay on input line 94.
LaTeX Font Info:    Checking defaults for OT1/cmr/m/n on input line 94.
LaTeX Font Info:    ... okay on input line 94.
LaTeX Font Info:    Checking defaults for T1/cmr/m/n on input line 94.
LaTeX Font Info:    ... okay on input line 94.
LaTeX Font Info:    Checking defaults for TS1/cmr/m/n on input line 94.
LaTeX Font Info:    ... okay on input line 94.
LaTeX Font Info:    Checking defaults for OMX/cmex/m/n on input line 94.
LaTeX Font Info:    ... okay on input line 94.
LaTeX Font Info:    Checking defaults for U/cmr/m/n on input line 94.
LaTeX Font Info:    ... okay on input line 94.
LaTeX Font Info:    Checking defaults for PD1/pdf/m/n on input line 94.
LaTeX Font Info:    ... okay on input line 94.
LaTeX Font Info:    Checking defaults for PU/pdf/m/n on input line 94.
LaTeX Font Info:    ... okay on input line 94.
(/Users/sofiaingersoll/Library/TinyTeX/texmf-dist/tex/latex/epstopdf-pkg/epstopdf-base.sty
Package: epstopdf-base 2020-01-24 v2.11 Base part for package epstopdf
Package epstopdf-base Info: Redefining graphics rule for `.eps' on input line 485.
(/Users/sofiaingersoll/Library/TinyTeX/texmf-dist/tex/latex/latexconfig/epstopdf-sys.cfg
File: epstopdf-sys.cfg 2010/07/13 v1.3 Configuration of (r)epstopdf for TeX Live
))
*geometry* driver: auto-detecting
*geometry* detected driver: pdftex
*geometry* verbose mode - [ preamble ] result:
* driver: pdftex
* paper: <default>
* layout: <same size as paper>
* layoutoffset:(h,v)=(0.0pt,0.0pt)
* modes: 
* h-part:(L,W,R)=(56.9055pt, 500.484pt, 56.9055pt)
* v-part:(T,H,B)=(56.9055pt, 681.15898pt, 56.9055pt)
* \paperwidth=614.295pt
* \paperheight=794.96999pt
* \textwidth=500.484pt
* \textheight=681.15898pt
* \oddsidemargin=-15.36449pt
* \evensidemargin=-15.36449pt
* \topmargin=-52.36449pt
* \headheight=12.0pt
* \headsep=25.0pt
* \topskip=10.0pt
* \footskip=30.0pt
* \marginparwidth=65.0pt
* \marginparsep=11.0pt
* \columnsep=10.0pt
* \skip\footins=9.0pt plus 4.0pt minus 2.0pt
* \hoffset=0.0pt
* \voffset=0.0pt
* \mag=1000
* \@twocolumnfalse
* \@twosidefalse
* \@mparswitchfalse
* \@reversemarginfalse
* (1in=72.27pt=25.4mm, 1cm=28.453pt)

Package hyperref Info: Link coloring OFF on input line 94.
\@outlinefile=\write3
\openout3 = `dataMaid_bgd_data.out'.

LaTeX Font Info:    Trying to load font information for OT1+lmr on input line 96.
(/Users/sofiaingersoll/Library/TinyTeX/texmf-dist/tex/latex/lm/ot1lmr.fd
File: ot1lmr.fd 2015/05/01 v1.6.1 Font defs for Latin Modern
)
LaTeX Font Info:    Trying to load font information for OML+lmm on input line 96.
(/Users/sofiaingersoll/Library/TinyTeX/texmf-dist/tex/latex/lm/omllmm.fd
File: omllmm.fd 2015/05/01 v1.6.1 Font defs for Latin Modern
)
LaTeX Font Info:    Trying to load font information for OMS+lmsy on input line 96.
(/Users/sofiaingersoll/Library/TinyTeX/texmf-dist/tex/latex/lm/omslmsy.fd
File: omslmsy.fd 2015/05/01 v1.6.1 Font defs for Latin Modern
)
LaTeX Font Info:    Trying to load font information for OMX+lmex on input line 96.
(/Users/sofiaingersoll/Library/TinyTeX/texmf-dist/tex/latex/lm/omxlmex.fd
File: omxlmex.fd 2015/05/01 v1.6.1 Font defs for Latin Modern
)
LaTeX Font Info:    External font `lmex10' loaded for size
(Font)              <12> on input line 96.
LaTeX Font Info:    External font `lmex10' loaded for size
(Font)              <8> on input line 96.
LaTeX Font Info:    External font `lmex10' loaded for size
(Font)              <6> on input line 96.
LaTeX Font Info:    Trying to load font information for U+msa on input line 96.
(/Users/sofiaingersoll/Library/TinyTeX/texmf-dist/tex/latex/amsfonts/umsa.fd
File: umsa.fd 2013/01/14 v3.01 AMS symbols A
)
LaTeX Font Info:    Trying to load font information for U+msb on input line 96.
(/Users/sofiaingersoll/Library/TinyTeX/texmf-dist/tex/latex/amsfonts/umsb.fd
File: umsb.fd 2013/01/14 v3.01 AMS symbols B
) [1

{/Users/sofiaingersoll/Library/TinyTeX/texmf-var/fonts/map/pdftex/updmap/pdftex.map}{/Users/sofiaingersoll/Library/TinyTeX/texmf-dist/fonts/enc/dvips/lm/lm-ec.enc}]

Package hyperref Warning: Difference (2) between bookmark levels is greater 
(hyperref)                than one, level fixed on input line 120.


Overfull \hbox (7.52974pt too wide) in paragraph at lines 139--140
 []\T1/lmr/m/n/10 character 
 []


Overfull \hbox (3.5599pt too wide) in paragraph at lines 143--144
 []\T1/lmr/m/n/10 labelled 
 []


Overfull \hbox (4.69849pt too wide) in paragraph at lines 147--148
 []\T1/lmr/m/n/10 numeric 
 []

LaTeX Font Info:    External font `lmex10' loaded for size
(Font)              <10> on input line 159.
LaTeX Font Info:    External font `lmex10' loaded for size
(Font)              <7> on input line 159.
LaTeX Font Info:    External font `lmex10' loaded for size
(Font)              <5> on input line 159.

pdfTeX warning (ext4): destination with the same identifier (name{page.1}) has been already used, duplicate ignored
<to be read again> 
                   \relax 
l.176 ...pter{Summary table}\label{summary-table}}
                                                   [1

{/Users/sofiaingersoll/Library/TinyTeX/texmf-dist/fonts/enc/dvips/lm/lm-mathsy.enc}] [2

] [3]
<dataMaid_bgd_data_files/figure-latex/Var-1-start-date-1.pdf, id=153, 289.08pt x 216.81pt>
File: dataMaid_bgd_data_files/figure-latex/Var-1-start-date-1.pdf Graphic file (type pdf)
<use dataMaid_bgd_data_files/figure-latex/Var-1-start-date-1.pdf>
Package pdftex.def Info: dataMaid_bgd_data_files/figure-latex/Var-1-start-date-1.pdf  used on input line 346.
(pdftex.def)             Requested size: 125.118pt x 93.8385pt.

Overfull \hbox (2.2222pt too wide) in paragraph at lines 322--349
$[]$ $[]$ 
 []

LaTeX Font Info:    Trying to load font information for TS1+lmr on input line 353.
(/Users/sofiaingersoll/Library/TinyTeX/texmf-dist/tex/latex/lm/ts1lmr.fd
File: ts1lmr.fd 2015/05/01 v1.6.1 Font defs for Latin Modern
)
<dataMaid_bgd_data_files/figure-latex/Var-2-end-date-1.pdf, id=154, 289.08pt x 216.81pt>
File: dataMaid_bgd_data_files/figure-latex/Var-2-end-date-1.pdf Graphic file (type pdf)
<use dataMaid_bgd_data_files/figure-latex/Var-2-end-date-1.pdf>
Package pdftex.def Info: dataMaid_bgd_data_files/figure-latex/Var-2-end-date-1.pdf  used on input line 389.
(pdftex.def)             Requested size: 125.118pt x 93.8385pt.

Overfull \hbox (2.2222pt too wide) in paragraph at lines 365--392
$[]$ $[]$ 
 []

<dataMaid_bgd_data_files/figure-latex/Var-4-ip-address-1.pdf, id=155, 289.08pt x 216.81pt>
File: dataMaid_bgd_data_files/figure-latex/Var-4-ip-address-1.pdf Graphic file (type pdf)
<use dataMaid_bgd_data_files/figure-latex/Var-4-ip-address-1.pdf>
Package pdftex.def Info: dataMaid_bgd_data_files/figure-latex/Var-4-ip-address-1.pdf  used on input line 444.
(pdftex.def)             Requested size: 125.118pt x 93.8385pt.

Overfull \hbox (2.2222pt too wide) in paragraph at lines 420--447
$[]$ $[]$ 
 []

[4

{/Users/sofiaingersoll/Library/TinyTeX/texmf-dist/fonts/enc/dvips/lm/lm-ts1.enc} <./dataMaid_bgd_data_files/figure-latex/Var-1-start-date-1.pdf> <./dataMaid_bgd_data_files/figure-latex/Var-2-end-date-1.pdf>]
Underfull \hbox (badness 5607) in paragraph at lines 451--456
\T1/lmr/m/n/10 "101.2.164.59", "101.2.166.50", ..., "59.153.17.87", "59.153.202.26", "85.170.119.43", "86.99.126.26",
 []

<dataMaid_bgd_data_files/figure-latex/Var-5-progress-1.pdf, id=178, 289.08pt x 216.81pt>
File: dataMaid_bgd_data_files/figure-latex/Var-5-progress-1.pdf Graphic file (type pdf)
<use dataMaid_bgd_data_files/figure-latex/Var-5-progress-1.pdf>
Package pdftex.def Info: dataMaid_bgd_data_files/figure-latex/Var-5-progress-1.pdf  used on input line 487.
(pdftex.def)             Requested size: 125.118pt x 93.8385pt.

Overfull \hbox (2.2222pt too wide) in paragraph at lines 463--490
$[]$ $[]$ 
 []

<dataMaid_bgd_data_files/figure-latex/Var-6-duration-in-seconds-1.pdf, id=179, 289.08pt x 216.81pt>
File: dataMaid_bgd_data_files/figure-latex/Var-6-duration-in-seconds-1.pdf Graphic file (type pdf)
<use dataMaid_bgd_data_files/figure-latex/Var-6-duration-in-seconds-1.pdf>
Package pdftex.def Info: dataMaid_bgd_data_files/figure-latex/Var-6-duration-in-seconds-1.pdf  used on input line 527.
(pdftex.def)             Requested size: 125.118pt x 93.8385pt.

Overfull \hbox (2.2222pt too wide) in paragraph at lines 503--530
$[]$ $[]$ 
 []

<dataMaid_bgd_data_files/figure-latex/Var-7-finished-1.pdf, id=180, 289.08pt x 216.81pt>
File: dataMaid_bgd_data_files/figure-latex/Var-7-finished-1.pdf Graphic file (type pdf)
<use dataMaid_bgd_data_files/figure-latex/Var-7-finished-1.pdf>
Package pdftex.def Info: dataMaid_bgd_data_files/figure-latex/Var-7-finished-1.pdf  used on input line 570.
(pdftex.def)             Requested size: 125.118pt x 93.8385pt.

Overfull \hbox (2.2222pt too wide) in paragraph at lines 546--573
$[]$ $[]$ 
 []

[5 <./dataMaid_bgd_data_files/figure-latex/Var-4-ip-address-1.pdf> <./dataMaid_bgd_data_files/figure-latex/Var-5-progress-1.pdf> <./dataMaid_bgd_data_files/figure-latex/Var-6-duration-in-seconds-1.pdf>]
<dataMaid_bgd_data_files/figure-latex/Var-8-recorded-date-1.pdf, id=206, 289.08pt x 216.81pt>
File: dataMaid_bgd_data_files/figure-latex/Var-8-recorded-date-1.pdf Graphic file (type pdf)
<use dataMaid_bgd_data_files/figure-latex/Var-8-recorded-date-1.pdf>
Package pdftex.def Info: dataMaid_bgd_data_files/figure-latex/Var-8-recorded-date-1.pdf  used on input line 603.
(pdftex.def)             Requested size: 125.118pt x 93.8385pt.

Overfull \hbox (2.2222pt too wide) in paragraph at lines 579--606
$[]$ $[]$ 
 []

[6 <./dataMaid_bgd_data_files/figure-latex/Var-7-finished-1.pdf> <./dataMaid_bgd_data_files/figure-latex/Var-8-recorded-date-1.pdf>]
<dataMaid_bgd_data_files/figure-latex/Var-14-location-latitude-1.pdf, id=229, 289.08pt x 216.81pt>
File: dataMaid_bgd_data_files/figure-latex/Var-14-location-latitude-1.pdf Graphic file (type pdf)
<use dataMaid_bgd_data_files/figure-latex/Var-14-location-latitude-1.pdf>
Package pdftex.def Info: dataMaid_bgd_data_files/figure-latex/Var-14-location-latitude-1.pdf  used on input line 703.
(pdftex.def)             Requested size: 125.118pt x 93.8385pt.

Overfull \hbox (2.2222pt too wide) in paragraph at lines 677--706
$[]$ $[]$ 
 []

<dataMaid_bgd_data_files/figure-latex/Var-15-location-longitude-1.pdf, id=230, 289.08pt x 216.81pt>
File: dataMaid_bgd_data_files/figure-latex/Var-15-location-longitude-1.pdf Graphic file (type pdf)
<use dataMaid_bgd_data_files/figure-latex/Var-15-location-longitude-1.pdf>
Package pdftex.def Info: dataMaid_bgd_data_files/figure-latex/Var-15-location-longitude-1.pdf  used on input line 746.
(pdftex.def)             Requested size: 125.118pt x 93.8385pt.

Overfull \hbox (2.2222pt too wide) in paragraph at lines 720--749
$[]$ $[]$ 
 []

[7 <./dataMaid_bgd_data_files/figure-latex/Var-14-location-latitude-1.pdf> <./dataMaid_bgd_data_files/figure-latex/Var-15-location-longitude-1.pdf>]
<dataMaid_bgd_data_files/figure-latex/Var-17-user-language-1.pdf, id=251, 289.08pt x 216.81pt>
File: dataMaid_bgd_data_files/figure-latex/Var-17-user-language-1.pdf Graphic file (type pdf)
<use dataMaid_bgd_data_files/figure-latex/Var-17-user-language-1.pdf>
Package pdftex.def Info: dataMaid_bgd_data_files/figure-latex/Var-17-user-language-1.pdf  used on input line 799.
(pdftex.def)             Requested size: 125.118pt x 93.8385pt.

Overfull \hbox (2.2222pt too wide) in paragraph at lines 775--802
$[]$ $[]$ 
 []

<dataMaid_bgd_data_files/figure-latex/Var-18-meta-info-browser-1.pdf, id=252, 289.08pt x 216.81pt>
File: dataMaid_bgd_data_files/figure-latex/Var-18-meta-info-browser-1.pdf Graphic file (type pdf)
<use dataMaid_bgd_data_files/figure-latex/Var-18-meta-info-browser-1.pdf>
Package pdftex.def Info: dataMaid_bgd_data_files/figure-latex/Var-18-meta-info-browser-1.pdf  used on input line 832.
(pdftex.def)             Requested size: 125.118pt x 93.8385pt.

Overfull \hbox (2.2222pt too wide) in paragraph at lines 808--835
$[]$ $[]$ 
 []

<dataMaid_bgd_data_files/figure-latex/Var-19-meta-info-version-1.pdf, id=253, 289.08pt x 216.81pt>
File: dataMaid_bgd_data_files/figure-latex/Var-19-meta-info-version-1.pdf Graphic file (type pdf)
<use dataMaid_bgd_data_files/figure-latex/Var-19-meta-info-version-1.pdf>
Package pdftex.def Info: dataMaid_bgd_data_files/figure-latex/Var-19-meta-info-version-1.pdf  used on input line 872.
(pdftex.def)             Requested size: 125.118pt x 93.8385pt.

Overfull \hbox (2.2222pt too wide) in paragraph at lines 848--875
$[]$ $[]$ 
 []


Underfull \hbox (badness 2393) in paragraph at lines 879--883
[]\T1/lmr/m/n/10 Note that the fol-low-ing lev-els have at most five ob-ser-va-tions: "100.0.4896.58", "102.0.5005.125",
 []


Overfull \hbox (2.84354pt too wide) in paragraph at lines 879--883
\T1/lmr/m/n/10 "102.0.5005.78", "104.0.5112.97", "105.0.5195.79", ..., "95.0.0.0", "96.0.4664.104", "97.0.4692.87", "97.0.4692.98",
 []

<dataMaid_bgd_data_files/figure-latex/Var-20-meta-info-operating-system-1.pdf, id=254, 289.08pt x 216.81pt>
File: dataMaid_bgd_data_files/figure-latex/Var-20-meta-info-operating-system-1.pdf Graphic file (type pdf)
<use dataMaid_bgd_data_files/figure-latex/Var-20-meta-info-operating-system-1.pdf>
Package pdftex.def Info: dataMaid_bgd_data_files/figure-latex/Var-20-meta-info-operating-system-1.pdf  used on input line 914.
(pdftex.def)             Requested size: 125.118pt x 93.8385pt.

Overfull \hbox (2.2222pt too wide) in paragraph at lines 890--917
$[]$ $[]$ 
 []

[8 <./dataMaid_bgd_data_files/figure-latex/Var-17-user-language-1.pdf> <./dataMaid_bgd_data_files/figure-latex/Var-18-meta-info-browser-1.pdf> <./dataMaid_bgd_data_files/figure-latex/Var-19-meta-info-version-1.pdf>]
<dataMaid_bgd_data_files/figure-latex/Var-21-meta-info-resolution-1.pdf, id=281, 289.08pt x 216.81pt>
File: dataMaid_bgd_data_files/figure-latex/Var-21-meta-info-resolution-1.pdf Graphic file (type pdf)
<use dataMaid_bgd_data_files/figure-latex/Var-21-meta-info-resolution-1.pdf>
Package pdftex.def Info: dataMaid_bgd_data_files/figure-latex/Var-21-meta-info-resolution-1.pdf  used on input line 955.
(pdftex.def)             Requested size: 125.118pt x 93.8385pt.

Overfull \hbox (2.2222pt too wide) in paragraph at lines 931--958
$[]$ $[]$ 
 []

<dataMaid_bgd_data_files/figure-latex/Var-25-gps-permission-1.pdf, id=282, 289.08pt x 216.81pt>
File: dataMaid_bgd_data_files/figure-latex/Var-25-gps-permission-1.pdf Graphic file (type pdf)
<use dataMaid_bgd_data_files/figure-latex/Var-25-gps-permission-1.pdf>
Package pdftex.def Info: dataMaid_bgd_data_files/figure-latex/Var-25-gps-permission-1.pdf  used on input line 1033.
(pdftex.def)             Requested size: 125.118pt x 93.8385pt.

Overfull \hbox (2.2222pt too wide) in paragraph at lines 1009--1036
$[]$ $[]$ 
 []

[9 <./dataMaid_bgd_data_files/figure-latex/Var-20-meta-info-operating-system-1.pdf> <./dataMaid_bgd_data_files/figure-latex/Var-21-meta-info-resolution-1.pdf>]
<dataMaid_bgd_data_files/figure-latex/Var-26-household-move-1.pdf, id=305, 289.08pt x 216.81pt>
File: dataMaid_bgd_data_files/figure-latex/Var-26-household-move-1.pdf Graphic file (type pdf)
<use dataMaid_bgd_data_files/figure-latex/Var-26-household-move-1.pdf>
Package pdftex.def Info: dataMaid_bgd_data_files/figure-latex/Var-26-household-move-1.pdf  used on input line 1066.
(pdftex.def)             Requested size: 125.118pt x 93.8385pt.

Overfull \hbox (2.2222pt too wide) in paragraph at lines 1042--1069
$[]$ $[]$ 
 []

<dataMaid_bgd_data_files/figure-latex/Var-27-flood-year-1.pdf, id=306, 289.08pt x 216.81pt>
File: dataMaid_bgd_data_files/figure-latex/Var-27-flood-year-1.pdf Graphic file (type pdf)
<use dataMaid_bgd_data_files/figure-latex/Var-27-flood-year-1.pdf>
Package pdftex.def Info: dataMaid_bgd_data_files/figure-latex/Var-27-flood-year-1.pdf  used on input line 1099.
(pdftex.def)             Requested size: 125.118pt x 93.8385pt.

Overfull \hbox (2.2222pt too wide) in paragraph at lines 1075--1102
$[]$ $[]$ 
 []

<dataMaid_bgd_data_files/figure-latex/Var-28-property-loss-1.pdf, id=307, 289.08pt x 216.81pt>
File: dataMaid_bgd_data_files/figure-latex/Var-28-property-loss-1.pdf Graphic file (type pdf)
<use dataMaid_bgd_data_files/figure-latex/Var-28-property-loss-1.pdf>
Package pdftex.def Info: dataMaid_bgd_data_files/figure-latex/Var-28-property-loss-1.pdf  used on input line 1132.
(pdftex.def)             Requested size: 125.118pt x 93.8385pt.

Overfull \hbox (2.2222pt too wide) in paragraph at lines 1108--1135
$[]$ $[]$ 
 []

<dataMaid_bgd_data_files/figure-latex/Var-29-housing-damage-1.pdf, id=308, 289.08pt x 216.81pt>
File: dataMaid_bgd_data_files/figure-latex/Var-29-housing-damage-1.pdf Graphic file (type pdf)
<use dataMaid_bgd_data_files/figure-latex/Var-29-housing-damage-1.pdf>
Package pdftex.def Info: dataMaid_bgd_data_files/figure-latex/Var-29-housing-damage-1.pdf  used on input line 1165.
(pdftex.def)             Requested size: 125.118pt x 93.8385pt.

Overfull \hbox (2.2222pt too wide) in paragraph at lines 1141--1168
$[]$ $[]$ 
 []

[10 <./dataMaid_bgd_data_files/figure-latex/Var-25-gps-permission-1.pdf> <./dataMaid_bgd_data_files/figure-latex/Var-26-household-move-1.pdf> <./dataMaid_bgd_data_files/figure-latex/Var-27-flood-year-1.pdf> <./dataMaid_bgd_data_files/figure-latex/Var-28-property-loss-1.pdf>]
<dataMaid_bgd_data_files/figure-latex/Var-30-stay-residence-1.pdf, id=341, 289.08pt x 216.81pt>
File: dataMaid_bgd_data_files/figure-latex/Var-30-stay-residence-1.pdf Graphic file (type pdf)
<use dataMaid_bgd_data_files/figure-latex/Var-30-stay-residence-1.pdf>
Package pdftex.def Info: dataMaid_bgd_data_files/figure-latex/Var-30-stay-residence-1.pdf  used on input line 1198.
(pdftex.def)             Requested size: 125.118pt x 93.8385pt.

Overfull \hbox (2.2222pt too wide) in paragraph at lines 1174--1201
$[]$ $[]$ 
 []

<dataMaid_bgd_data_files/figure-latex/Var-31-flood-close-1.pdf, id=342, 289.08pt x 216.81pt>
File: dataMaid_bgd_data_files/figure-latex/Var-31-flood-close-1.pdf Graphic file (type pdf)
<use dataMaid_bgd_data_files/figure-latex/Var-31-flood-close-1.pdf>
Package pdftex.def Info: dataMaid_bgd_data_files/figure-latex/Var-31-flood-close-1.pdf  used on input line 1231.
(pdftex.def)             Requested size: 125.118pt x 93.8385pt.

Overfull \hbox (2.2222pt too wide) in paragraph at lines 1207--1234
$[]$ $[]$ 
 []

<dataMaid_bgd_data_files/figure-latex/Var-32-flood-prepared-1.pdf, id=343, 289.08pt x 216.81pt>
File: dataMaid_bgd_data_files/figure-latex/Var-32-flood-prepared-1.pdf Graphic file (type pdf)
<use dataMaid_bgd_data_files/figure-latex/Var-32-flood-prepared-1.pdf>
Package pdftex.def Info: dataMaid_bgd_data_files/figure-latex/Var-32-flood-prepared-1.pdf  used on input line 1264.
(pdftex.def)             Requested size: 125.118pt x 93.8385pt.

Overfull \hbox (2.2222pt too wide) in paragraph at lines 1240--1267
$[]$ $[]$ 
 []

<dataMaid_bgd_data_files/figure-latex/Var-33-housing-safe-1.pdf, id=344, 289.08pt x 216.81pt>
File: dataMaid_bgd_data_files/figure-latex/Var-33-housing-safe-1.pdf Graphic file (type pdf)
<use dataMaid_bgd_data_files/figure-latex/Var-33-housing-safe-1.pdf>
Package pdftex.def Info: dataMaid_bgd_data_files/figure-latex/Var-33-housing-safe-1.pdf  used on input line 1297.
(pdftex.def)             Requested size: 125.118pt x 93.8385pt.

Overfull \hbox (2.2222pt too wide) in paragraph at lines 1273--1300
$[]$ $[]$ 
 []

[11 <./dataMaid_bgd_data_files/figure-latex/Var-29-housing-damage-1.pdf> <./dataMaid_bgd_data_files/figure-latex/Var-30-stay-residence-1.pdf> <./dataMaid_bgd_data_files/figure-latex/Var-31-flood-close-1.pdf> <./dataMaid_bgd_data_files/figure-latex/Var-32-flood-prepared-1.pdf>]
<dataMaid_bgd_data_files/figure-latex/Var-34-climate-problem-1.pdf, id=377, 289.08pt x 216.81pt>
File: dataMaid_bgd_data_files/figure-latex/Var-34-climate-problem-1.pdf Graphic file (type pdf)
<use dataMaid_bgd_data_files/figure-latex/Var-34-climate-problem-1.pdf>
Package pdftex.def Info: dataMaid_bgd_data_files/figure-latex/Var-34-climate-problem-1.pdf  used on input line 1330.
(pdftex.def)             Requested size: 125.118pt x 93.8385pt.

Overfull \hbox (2.2222pt too wide) in paragraph at lines 1306--1333
$[]$ $[]$ 
 []

<dataMaid_bgd_data_files/figure-latex/Var-35-trust-government-1.pdf, id=378, 289.08pt x 216.81pt>
File: dataMaid_bgd_data_files/figure-latex/Var-35-trust-government-1.pdf Graphic file (type pdf)
<use dataMaid_bgd_data_files/figure-latex/Var-35-trust-government-1.pdf>
Package pdftex.def Info: dataMaid_bgd_data_files/figure-latex/Var-35-trust-government-1.pdf  used on input line 1363.
(pdftex.def)             Requested size: 125.118pt x 93.8385pt.

Overfull \hbox (2.2222pt too wide) in paragraph at lines 1339--1366
$[]$ $[]$ 
 []

<dataMaid_bgd_data_files/figure-latex/Var-36-enough-eat-1.pdf, id=379, 289.08pt x 216.81pt>
File: dataMaid_bgd_data_files/figure-latex/Var-36-enough-eat-1.pdf Graphic file (type pdf)
<use dataMaid_bgd_data_files/figure-latex/Var-36-enough-eat-1.pdf>
Package pdftex.def Info: dataMaid_bgd_data_files/figure-latex/Var-36-enough-eat-1.pdf  used on input line 1396.
(pdftex.def)             Requested size: 125.118pt x 93.8385pt.

Overfull \hbox (2.2222pt too wide) in paragraph at lines 1372--1399
$[]$ $[]$ 
 []

<dataMaid_bgd_data_files/figure-latex/Var-37-move-rural-urban-1.pdf, id=380, 289.08pt x 216.81pt>
File: dataMaid_bgd_data_files/figure-latex/Var-37-move-rural-urban-1.pdf Graphic file (type pdf)
<use dataMaid_bgd_data_files/figure-latex/Var-37-move-rural-urban-1.pdf>
Package pdftex.def Info: dataMaid_bgd_data_files/figure-latex/Var-37-move-rural-urban-1.pdf  used on input line 1429.
(pdftex.def)             Requested size: 125.118pt x 93.8385pt.

Overfull \hbox (2.2222pt too wide) in paragraph at lines 1405--1432
$[]$ $[]$ 
 []

[12 <./dataMaid_bgd_data_files/figure-latex/Var-33-housing-safe-1.pdf> <./dataMaid_bgd_data_files/figure-latex/Var-34-climate-problem-1.pdf> <./dataMaid_bgd_data_files/figure-latex/Var-35-trust-government-1.pdf> <./dataMaid_bgd_data_files/figure-latex/Var-36-enough-eat-1.pdf>]
<dataMaid_bgd_data_files/figure-latex/Var-38-contact-authority-1.pdf, id=415, 289.08pt x 216.81pt>
File: dataMaid_bgd_data_files/figure-latex/Var-38-contact-authority-1.pdf Graphic file (type pdf)
<use dataMaid_bgd_data_files/figure-latex/Var-38-contact-authority-1.pdf>
Package pdftex.def Info: dataMaid_bgd_data_files/figure-latex/Var-38-contact-authority-1.pdf  used on input line 1462.
(pdftex.def)             Requested size: 125.118pt x 93.8385pt.

Overfull \hbox (2.2222pt too wide) in paragraph at lines 1438--1465
$[]$ $[]$ 
 []

<dataMaid_bgd_data_files/figure-latex/Var-39-demo-gender-1.pdf, id=416, 289.08pt x 216.81pt>
File: dataMaid_bgd_data_files/figure-latex/Var-39-demo-gender-1.pdf Graphic file (type pdf)
<use dataMaid_bgd_data_files/figure-latex/Var-39-demo-gender-1.pdf>
Package pdftex.def Info: dataMaid_bgd_data_files/figure-latex/Var-39-demo-gender-1.pdf  used on input line 1495.
(pdftex.def)             Requested size: 125.118pt x 93.8385pt.

Overfull \hbox (2.2222pt too wide) in paragraph at lines 1471--1498
$[]$ $[]$ 
 []

<dataMaid_bgd_data_files/figure-latex/Var-40-demo-age-1.pdf, id=417, 289.08pt x 216.81pt>
File: dataMaid_bgd_data_files/figure-latex/Var-40-demo-age-1.pdf Graphic file (type pdf)
<use dataMaid_bgd_data_files/figure-latex/Var-40-demo-age-1.pdf>
Package pdftex.def Info: dataMaid_bgd_data_files/figure-latex/Var-40-demo-age-1.pdf  used on input line 1528.
(pdftex.def)             Requested size: 125.118pt x 93.8385pt.

Overfull \hbox (2.2222pt too wide) in paragraph at lines 1504--1531
$[]$ $[]$ 
 []


! LaTeX Error: Unicode character ই (U+0987)
               not set up for use with LaTeX.

See the LaTeX manual or LaTeX Companion for explanation.
Type  H <return>  for immediate help.
 ...                                              
                                                  
l.1536   "01.01.1970", "01/01/1978 ই
                                      ং", "01822847824", "01870227288", "0... 
Here is how much of TeX's memory you used:
 11418 strings out of 476182
 188083 string characters out of 5794611
 1981975 words of memory out of 5000000
 33105 multiletter control sequences out of 15000+600000
 607500 words of font info for 77 fonts, out of 8000000 for 9000
 14 hyphenation exceptions out of 8191
 75i,9n,79p,380b,558s stack positions out of 10000i,1000n,20000p,200000b,200000s

!  ==> Fatal error occurred, no output PDF file produced!
